file    : /home/phillip/Desktop/simple_caf_tracing/node_a/src/main.cpp
line    : 22
function: void caf_main(caf::actor_system&, const {anonymous}::config&)
message : About to spawn test_actor_function

file    : /home/phillip/Desktop/simple_caf_tracing/node_a/src/main.cpp
line    : 24
function: void caf_main(caf::actor_system&, const {anonymous}::config&)
message : Spawned test_actor_function

file    : /home/phillip/Desktop/simple_caf_tracing/node_a/src/main.cpp
line    : 26
function: void caf_main(caf::actor_system&, const {anonymous}::config&)
message : About to spawn test_actor_buddy_function

file    : /home/phillip/Desktop/simple_caf_tracing/lib/src/test_actor_function.cpp
line    : 14
function: caf::behavior l::test_actor_function(caf::event_based_actor*)
message : Spawned.

file    : /home/phillip/Desktop/simple_caf_tracing/node_a/src/main.cpp
line    : 28
function: void caf_main(caf::actor_system&, const {anonymous}::config&)
message : Spawned test_actor_buddy_function

file    : /home/phillip/Desktop/simple_caf_tracing/lib/src/test_actor_buddy_function.cpp
line    : 17
function: void l::test_actor_buddy_function(caf::event_based_actor*, const caf::actor&)
message : Spawned.

file    : /home/phillip/Desktop/simple_caf_tracing/lib/src/test_actor_buddy_function.cpp
line    : 20
function: void l::test_actor_buddy_function(caf::event_based_actor*, const caf::actor&)
message : About to send request

file    : /home/phillip/Desktop/simple_caf_tracing/lib/src/test_profiler.cpp
line    : 57
function: virtual void l::test_profiler::before_sending(const caf::local_actor&, caf::mailbox_element&)
message : tracing_id set to "test_actor_buddy_function put this here."

file    : /home/phillip/Desktop/simple_caf_tracing/lib/src/test_profiler.cpp
line    : 44
function: virtual void l::test_profiler::before_processing(const caf::local_actor&, const caf::mailbox_element&)
message : tracing_id isn't null

file    : /home/phillip/Desktop/simple_caf_tracing/lib/src/test_actor_function.cpp
line    : 18
function: l::test_actor_function(caf::event_based_actor*)::<lambda(std::string)>
message : Received string: "HiTheRe"

file    : /home/phillip/Desktop/simple_caf_tracing/lib/src/test_actor_function.cpp
line    : 28
function: l::test_actor_function(caf::event_based_actor*)::<lambda(std::string)>
message : tracing_data is ok: "test_actor_buddy_function put this here."

file    : /home/phillip/Desktop/simple_caf_tracing/lib/src/test_actor_function.cpp
line    : 35
function: l::test_actor_function(caf::event_based_actor*)::<lambda(std::string)>
message : After transformation: "HITHERE"

file    : /home/phillip/Desktop/simple_caf_tracing/lib/src/test_actor_function.cpp
line    : 37
function: l::test_actor_function(caf::event_based_actor*)::<lambda(std::string)>
message : About to set span_context

file    : /home/phillip/Desktop/simple_caf_tracing/lib/src/test_actor_function.cpp
line    : 40
function: l::test_actor_function(caf::event_based_actor*)::<lambda(std::string)>
message : About to respond.

file    : /home/phillip/Desktop/simple_caf_tracing/lib/src/test_profiler.cpp
line    : 57
function: virtual void l::test_profiler::before_sending(const caf::local_actor&, caf::mailbox_element&)
message : tracing_id set to "test_actor_function put this here"

file    : /home/phillip/Desktop/simple_caf_tracing/lib/src/test_profiler.cpp
line    : 44
function: virtual void l::test_profiler::before_processing(const caf::local_actor&, const caf::mailbox_element&)
message : tracing_id isn't null

file    : /home/phillip/Desktop/simple_caf_tracing/lib/src/test_actor_buddy_function.cpp
line    : 25
function: l::test_actor_buddy_function(caf::event_based_actor*, const caf::actor&)::<lambda(const string&)>
message : Received response.

file    : /home/phillip/Desktop/simple_caf_tracing/lib/src/test_actor_buddy_function.cpp
line    : 36
function: l::test_actor_buddy_function(caf::event_based_actor*, const caf::actor&)::<lambda(const string&)>
message : tracing_data was ok: "test_actor_function put this here"

file    : /home/phillip/Desktop/simple_caf_tracing/lib/src/test_profiler.cpp
line    : 41
function: virtual void l::test_profiler::before_processing(const caf::local_actor&, const caf::mailbox_element&)
message : tracing_id was null!

file    : /home/phillip/Desktop/simple_caf_tracing/lib/src/test_profiler.cpp
line    : 41
function: virtual void l::test_profiler::before_processing(const caf::local_actor&, const caf::mailbox_element&)
message : tracing_id was null!

file    : /home/phillip/Desktop/simple_caf_tracing/lib/src/test_profiler.cpp
line    : 41
function: virtual void l::test_profiler::before_processing(const caf::local_actor&, const caf::mailbox_element&)
message : tracing_id was null!

file    : /home/phillip/Desktop/simple_caf_tracing/lib/src/test_profiler.cpp
line    : 41
function: virtual void l::test_profiler::before_processing(const caf::local_actor&, const caf::mailbox_element&)
message : tracing_id was null!

